<?xml version="1.0" encoding="UTF-8"?>
<!-- Generated by org.testng.reporters.JUnitXMLReporter -->
<testsuite ignored="0" hostname="DESKTOP-9IKC5SP" failures="0" tests="6" name="Default test" time="45.393" errors="0" timestamp="2024-03-25T21:51:59 IST">
  <testcase classname="com.QAFox.qa.testcases.Login" name="verifyLoginWithValidCredentials" time="2.014"/>
  <testcase classname="com.QAFox.qa.testcases.Login" name="verifyLoginWithValidCredentials" time="2.011"/>
  <testcase classname="com.QAFox.qa.testcases.Login" name="verifyLoginWithValidCredentials" time="1.725"/>
  <testcase classname="com.QAFox.qa.testcases.Login" name="verifyLoginWithInvalidCredentials" time="5.012"/>
  <testcase classname="com.QAFox.qa.testcases.Login" name="verifyLoginWithInvalidEmailAndPassword" time="4.275"/>
  <testcase classname="com.QAFox.qa.testcases.Login" name="verifyLoginWithoutCredentials" time="0.82"/>
</testsuite> <!-- Default test -->
