<?xml version="1.0" encoding="UTF-8"?>
<!-- Generated by org.testng.reporters.JUnitXMLReporter -->
<testsuite ignored="0" hostname="DESKTOP-9IKC5SP" failures="0" tests="11" name="Test" time="67.674" errors="0" timestamp="2024-03-18T07:25:10 IST">
  <testcase classname="com.QAFox.qa.testcases.Register" name="verifyRegisterWithMandatoryFields" time="1.866"/>
  <testcase classname="com.QAFox.qa.testcases.Register" name="verifyRegisterWithExistingEmail" time="1.587"/>
  <testcase classname="com.QAFox.qa.testcases.Register" name="verifyRegisterWithoutAnyData" time="1.256"/>
  <testcase classname="com.QAFox.qa.testcases.Register" name="verifyRegisterWithDifferentPasswords" time="1.619"/>
  <testcase classname="com.QAFox.qa.testcases.Login" name="verifyLoginWithValidCredentials" time="1.392"/>
  <testcase classname="com.QAFox.qa.testcases.Login" name="verifyLoginWithInvalidCredentials" time="4.32"/>
  <testcase classname="com.QAFox.qa.testcases.Login" name="verifyLoginWithInvalidEmailAndPassword" time="4.218"/>
  <testcase classname="com.QAFox.qa.testcases.Login" name="verifyLoginWithoutCredentials" time="0.774"/>
  <testcase classname="com.QAFox.qa.testcases.Search" name="verifySearchWithValidProduct" time="0.407"/>
  <testcase classname="com.QAFox.qa.testcases.Search" name="verifySearchWithInvalidProduct" time="9.664"/>
  <testcase classname="com.QAFox.qa.testcases.Search" name="verifySearchWithoutAnyData" time="0.78"/>
</testsuite> <!-- Test -->
