<?xml version="1.0" encoding="UTF-8"?>
<testng-results ignored="0" total="6" passed="6" failed="0" skipped="0">
  <reporter-output>
  </reporter-output>
  <suite started-at="2024-03-25T21:51:14 IST" name="Default suite" finished-at="2024-03-25T21:51:59 IST" duration-ms="45393">
    <groups>
    </groups>
    <test started-at="2024-03-25T21:51:14 IST" name="Default test" finished-at="2024-03-25T21:51:59 IST" duration-ms="45393">
      <class name="com.QAFox.qa.testcases.Login">
        <test-method is-config="true" signature="setUp()[pri:0, instance:com.QAFox.qa.testcases.Login@130d63be]" started-at="2024-03-25T21:51:14 IST" name="setUp" finished-at="2024-03-25T21:51:20 IST" duration-ms="5672" status="PASS">
          <reporter-output>
          </reporter-output>
        </test-method> <!-- setUp -->
        <test-method signature="verifyLoginWithValidCredentials(java.lang.String,java.lang.String)[pri:1, instance:com.QAFox.qa.testcases.Login@130d63be]" started-at="2024-03-25T21:51:20 IST" name="verifyLoginWithValidCredentials" data-provider="supplyTestData" finished-at="2024-03-25T21:51:22 IST" duration-ms="2014" status="PASS">
          <params>
            <param index="0">
              <value>
                <![CDATA[as6138792@gmail.com]]>
              </value>
            </param>
            <param index="1">
              <value>
                <![CDATA[Anuj@123]]>
              </value>
            </param>
          </params>
          <reporter-output>
          </reporter-output>
        </test-method> <!-- verifyLoginWithValidCredentials -->
        <test-method is-config="true" signature="tearDown()[pri:0, instance:com.QAFox.qa.testcases.Login@130d63be]" started-at="2024-03-25T21:51:22 IST" name="tearDown" finished-at="2024-03-25T21:51:22 IST" duration-ms="1" status="PASS">
          <reporter-output>
          </reporter-output>
        </test-method> <!-- tearDown -->
        <test-method is-config="true" signature="setUp()[pri:0, instance:com.QAFox.qa.testcases.Login@130d63be]" started-at="2024-03-25T21:51:22 IST" name="setUp" finished-at="2024-03-25T21:51:27 IST" duration-ms="4815" status="PASS">
          <reporter-output>
          </reporter-output>
        </test-method> <!-- setUp -->
        <test-method signature="verifyLoginWithValidCredentials(java.lang.String,java.lang.String)[pri:1, instance:com.QAFox.qa.testcases.Login@130d63be]" started-at="2024-03-25T21:51:27 IST" name="verifyLoginWithValidCredentials" data-provider="supplyTestData" finished-at="2024-03-25T21:51:29 IST" duration-ms="2011" status="PASS">
          <params>
            <param index="0">
              <value>
                <![CDATA[test20806@yopmail.com]]>
              </value>
            </param>
            <param index="1">
              <value>
                <![CDATA[Anuj@123]]>
              </value>
            </param>
          </params>
          <reporter-output>
          </reporter-output>
        </test-method> <!-- verifyLoginWithValidCredentials -->
        <test-method is-config="true" signature="tearDown()[pri:0, instance:com.QAFox.qa.testcases.Login@130d63be]" started-at="2024-03-25T21:51:29 IST" name="tearDown" finished-at="2024-03-25T21:51:29 IST" duration-ms="0" status="PASS">
          <reporter-output>
          </reporter-output>
        </test-method> <!-- tearDown -->
        <test-method is-config="true" signature="setUp()[pri:0, instance:com.QAFox.qa.testcases.Login@130d63be]" started-at="2024-03-25T21:51:29 IST" name="setUp" finished-at="2024-03-25T21:51:33 IST" duration-ms="4335" status="PASS">
          <reporter-output>
          </reporter-output>
        </test-method> <!-- setUp -->
        <test-method signature="verifyLoginWithValidCredentials(java.lang.String,java.lang.String)[pri:1, instance:com.QAFox.qa.testcases.Login@130d63be]" started-at="2024-03-25T21:51:33 IST" name="verifyLoginWithValidCredentials" data-provider="supplyTestData" finished-at="2024-03-25T21:51:35 IST" duration-ms="1725" status="PASS">
          <params>
            <param index="0">
              <value>
                <![CDATA[test12804@yopmail.com]]>
              </value>
            </param>
            <param index="1">
              <value>
                <![CDATA[Anuj@123]]>
              </value>
            </param>
          </params>
          <reporter-output>
          </reporter-output>
        </test-method> <!-- verifyLoginWithValidCredentials -->
        <test-method is-config="true" signature="tearDown()[pri:0, instance:com.QAFox.qa.testcases.Login@130d63be]" started-at="2024-03-25T21:51:35 IST" name="tearDown" finished-at="2024-03-25T21:51:35 IST" duration-ms="1" status="PASS">
          <reporter-output>
          </reporter-output>
        </test-method> <!-- tearDown -->
        <test-method is-config="true" signature="setUp()[pri:0, instance:com.QAFox.qa.testcases.Login@130d63be]" started-at="2024-03-25T21:51:35 IST" name="setUp" finished-at="2024-03-25T21:51:40 IST" duration-ms="4841" status="PASS">
          <reporter-output>
          </reporter-output>
        </test-method> <!-- setUp -->
        <test-method signature="verifyLoginWithInvalidCredentials()[pri:2, instance:com.QAFox.qa.testcases.Login@130d63be]" started-at="2024-03-25T21:51:40 IST" name="verifyLoginWithInvalidCredentials" finished-at="2024-03-25T21:51:45 IST" duration-ms="5012" status="PASS">
          <reporter-output>
          </reporter-output>
        </test-method> <!-- verifyLoginWithInvalidCredentials -->
        <test-method is-config="true" signature="tearDown()[pri:0, instance:com.QAFox.qa.testcases.Login@130d63be]" started-at="2024-03-25T21:51:45 IST" name="tearDown" finished-at="2024-03-25T21:51:45 IST" duration-ms="1" status="PASS">
          <reporter-output>
          </reporter-output>
        </test-method> <!-- tearDown -->
        <test-method is-config="true" signature="setUp()[pri:0, instance:com.QAFox.qa.testcases.Login@130d63be]" started-at="2024-03-25T21:51:45 IST" name="setUp" finished-at="2024-03-25T21:51:49 IST" duration-ms="4415" status="PASS">
          <reporter-output>
          </reporter-output>
        </test-method> <!-- setUp -->
        <test-method signature="verifyLoginWithInvalidEmailAndPassword()[pri:3, instance:com.QAFox.qa.testcases.Login@130d63be]" started-at="2024-03-25T21:51:49 IST" name="verifyLoginWithInvalidEmailAndPassword" finished-at="2024-03-25T21:51:54 IST" duration-ms="4275" status="PASS">
          <reporter-output>
          </reporter-output>
        </test-method> <!-- verifyLoginWithInvalidEmailAndPassword -->
        <test-method is-config="true" signature="tearDown()[pri:0, instance:com.QAFox.qa.testcases.Login@130d63be]" started-at="2024-03-25T21:51:54 IST" name="tearDown" finished-at="2024-03-25T21:51:54 IST" duration-ms="1" status="PASS">
          <reporter-output>
          </reporter-output>
        </test-method> <!-- tearDown -->
        <test-method is-config="true" signature="setUp()[pri:0, instance:com.QAFox.qa.testcases.Login@130d63be]" started-at="2024-03-25T21:51:54 IST" name="setUp" finished-at="2024-03-25T21:51:58 IST" duration-ms="4626" status="PASS">
          <reporter-output>
          </reporter-output>
        </test-method> <!-- setUp -->
        <test-method signature="verifyLoginWithoutCredentials()[pri:4, instance:com.QAFox.qa.testcases.Login@130d63be]" started-at="2024-03-25T21:51:58 IST" name="verifyLoginWithoutCredentials" finished-at="2024-03-25T21:51:59 IST" duration-ms="820" status="PASS">
          <reporter-output>
          </reporter-output>
        </test-method> <!-- verifyLoginWithoutCredentials -->
        <test-method is-config="true" signature="tearDown()[pri:0, instance:com.QAFox.qa.testcases.Login@130d63be]" started-at="2024-03-25T21:51:59 IST" name="tearDown" finished-at="2024-03-25T21:51:59 IST" duration-ms="1" status="PASS">
          <reporter-output>
          </reporter-output>
        </test-method> <!-- tearDown -->
      </class> <!-- com.QAFox.qa.testcases.Login -->
    </test> <!-- Default test -->
  </suite> <!-- Default suite -->
</testng-results>
